<robot generator="Robot 5.0.1 (Python 3.11.3 on win32)" generated="20240620 10:56:22.812" rpa="false" schemaversion="3">
<statistics>
<total>
<stat pass="1" fail="0" skip="0">All Tests</stat>
</total>
<tag>
<stat pass="1" fail="0" skip="0">MOBILE</stat>
</tag>
<suite>
<stat pass="1" fail="0" skip="0" id="s1" name="UI">UI</stat>
<stat pass="1" fail="0" skip="0" id="s1-s1" name="Contact Form">UI.Contact Form</stat>
</suite>
</statistics>
<suite name="Suites" id="s0"><suite id="s1-s1" name="Contact Form 15, iPhone 13, Safari" source="C:\Users\Prateek\Downloads\PROJECTS\browserstack-robot Framework\robot-browserstack-sdkLatest\robot-browserstack-sdkLatest\robot-browserstack-sdkLatest\robot-browserstack-sdk\tests\UI\contact_form.robot">
<kw name="Setup for url" library="common_ui" type="SETUP">
<arg>${url}</arg>
<arg>${ENVIRONMENT}</arg>
<kw name="SuiteSetup" library="common_ui">
<arg>${url}</arg>
<arg>${env}</arg>
<kw name="Run Keyword And Ignore Error" library="BuiltIn">
<arg>Remove Files</arg>
<arg>${OUTPUTDIR}/selenium-screenshot-*.png</arg>
<doc>Runs the given keyword with the given arguments and ignores possible error.</doc>
<kw name="Remove Files" library="OperatingSystem">
<arg>${OUTPUTDIR}/selenium-screenshot-*.png</arg>
<doc>Uses `Remove File` to remove multiple files one-by-one.</doc>
<msg timestamp="20240620 10:56:23.091" level="INFO" html="true">Removed file '&lt;a href="file://C:\Users\Prateek\Downloads\PROJECTS\browserstack-robot Framework\robot-browserstack-sdkLatest\robot-browserstack-sdkLatest\robot-browserstack-sdkLatest\selenium-screenshot-1.png"&gt;C:\Users\Prateek\Downloads\PROJECTS\browserstack-robot Framework\robot-browserstack-sdkLatest\robot-browserstack-sdkLatest\robot-browserstack-sdkLatest\selenium-screenshot-1.png&lt;/a&gt;'.</msg>
<msg timestamp="20240620 10:56:23.092" level="INFO" html="true">Removed file '&lt;a href="file://C:\Users\Prateek\Downloads\PROJECTS\browserstack-robot Framework\robot-browserstack-sdkLatest\robot-browserstack-sdkLatest\robot-browserstack-sdkLatest\selenium-screenshot-2.png"&gt;C:\Users\Prateek\Downloads\PROJECTS\browserstack-robot Framework\robot-browserstack-sdkLatest\robot-browserstack-sdkLatest\robot-browserstack-sdkLatest\selenium-screenshot-2.png&lt;/a&gt;'.</msg>
<status status="PASS" starttime="20240620 10:56:23.088" endtime="20240620 10:56:23.092" />
</kw>
<status status="PASS" starttime="20240620 10:56:23.087" endtime="20240620 10:56:23.095" />
</kw>
<kw name="Remove Files" library="OperatingSystem">
<arg>customLibraries/__pycache__/*</arg>
<doc>Uses `Remove File` to remove multiple files one-by-one.</doc>
<msg timestamp="20240620 10:56:23.097" level="INFO" html="true">File '&lt;a href="file://C:\Users\Prateek\Downloads\PROJECTS\browserstack-robot Framework\robot-browserstack-sdkLatest\robot-browserstack-sdkLatest\robot-browserstack-sdkLatest\customLibraries\__pycache__\*"&gt;C:\Users\Prateek\Downloads\PROJECTS\browserstack-robot Framework\robot-browserstack-sdkLatest\robot-browserstack-sdkLatest\robot-browserstack-sdkLatest\customLibraries\__pycache__\*&lt;/a&gt;' does not exist.</msg>
<status status="PASS" starttime="20240620 10:56:23.097" endtime="20240620 10:56:23.097" />
</kw>
<kw name="Open Browser" library="SeleniumLibrary">
<arg>${url}</arg>
<arg>${browser_name}</arg>
<doc>Opens a new browser instance to the optional ``url``.</doc>
<msg timestamp="20240620 10:56:23.103" level="INFO">Opening browser 'Chrome' to base url 'https://at-dev.whiteclaw.com/en/'.</msg>
<msg timestamp="20240620 10:56:24.658" level="WARN">The chromedriver version (125.0.6422.76) detected in PATH at C:\Drivers\chromedriver.exe might not be compatible with the detected chrome version (126.0.6478.63); currently, chromedriver 126.0.6478.62 is recommended for chrome 126.*, so it is advised to delete the driver in PATH and retry</msg>
<msg timestamp="20240620 10:56:24.663" level="INFO">Completed setup!</msg>
<status status="PASS" starttime="20240620 10:56:23.101" endtime="20240620 10:57:48.276" />
</kw>
<kw name="Maximize Browser Window" library="SeleniumLibrary">
<doc>Maximizes current browser window.</doc>
<status status="PASS" starttime="20240620 10:57:48.279" endtime="20240620 10:57:48.396" />
</kw>
<kw name="Location Should Be" library="SeleniumLibrary">
<arg>${url}</arg>
<doc>Verifies that the current URL is exactly ``url``.</doc>
<msg timestamp="20240620 10:57:48.504" level="INFO">Current location is 'https://at-dev.whiteclaw.com/en/'.</msg>
<status status="PASS" starttime="20240620 10:57:48.400" endtime="20240620 10:57:48.504" />
</kw>
<kw name="Check Website Logo" library="common_ui">
<arg>${url}</arg>
<kw name="Get Dictionary Keys" library="Collections">
<var>${keys}</var>
<arg>${website_logos}</arg>
<doc>Returns keys of the given ``dictionary`` as a list.</doc>
<msg timestamp="20240620 10:57:48.504" level="INFO">${keys} = ['https://at.whiteclaw.com/en/', 'https://au-dev.whiteclaw.com/', 'https://www.mikesharder.com/']</msg>
<status status="PASS" starttime="20240620 10:57:48.504" endtime="20240620 10:57:48.504" />
</kw>
<for flavor="IN">
<var>${key}</var>
<value>@{keys}</value>
<iter>
<var name="${key}">https://at.whiteclaw.com/en/</var>
<kw name="Log" library="BuiltIn">
<arg>Checking ${key} against ${url}</arg>
<doc>Logs the given message with the given level.</doc>
<msg timestamp="20240620 10:57:48.517" level="INFO">Checking https://at.whiteclaw.com/en/ against https://at-dev.whiteclaw.com/en/</msg>
<status status="PASS" starttime="20240620 10:57:48.504" endtime="20240620 10:57:48.518" />
</kw>
<kw name="Run Keyword If" library="BuiltIn">
<arg>'${url}' == '${key}'</arg>
<arg>Run Keyword And Return</arg>
<arg>Get From Dictionary</arg>
<arg>${website_logos}</arg>
<arg>${key}</arg>
<doc>Runs the given keyword with the given arguments, if ``condition`` is true.</doc>
<status status="PASS" starttime="20240620 10:57:48.518" endtime="20240620 10:57:48.518" />
</kw>
<status status="PASS" starttime="20240620 10:57:48.504" endtime="20240620 10:57:48.518" />
</iter>
<iter>
<var name="${key}">https://au-dev.whiteclaw.com/</var>
<kw name="Log" library="BuiltIn">
<arg>Checking ${key} against ${url}</arg>
<doc>Logs the given message with the given level.</doc>
<msg timestamp="20240620 10:57:48.518" level="INFO">Checking https://au-dev.whiteclaw.com/ against https://at-dev.whiteclaw.com/en/</msg>
<status status="PASS" starttime="20240620 10:57:48.518" endtime="20240620 10:57:48.518" />
</kw>
<kw name="Run Keyword If" library="BuiltIn">
<arg>'${url}' == '${key}'</arg>
<arg>Run Keyword And Return</arg>
<arg>Get From Dictionary</arg>
<arg>${website_logos}</arg>
<arg>${key}</arg>
<doc>Runs the given keyword with the given arguments, if ``condition`` is true.</doc>
<status status="PASS" starttime="20240620 10:57:48.518" endtime="20240620 10:57:48.534" />
</kw>
<status status="PASS" starttime="20240620 10:57:48.518" endtime="20240620 10:57:48.535" />
</iter>
<iter>
<var name="${key}">https://www.mikesharder.com/</var>
<kw name="Log" library="BuiltIn">
<arg>Checking ${key} against ${url}</arg>
<doc>Logs the given message with the given level.</doc>
<msg timestamp="20240620 10:57:48.535" level="INFO">Checking https://www.mikesharder.com/ against https://at-dev.whiteclaw.com/en/</msg>
<status status="PASS" starttime="20240620 10:57:48.535" endtime="20240620 10:57:48.535" />
</kw>
<kw name="Run Keyword If" library="BuiltIn">
<arg>'${url}' == '${key}'</arg>
<arg>Run Keyword And Return</arg>
<arg>Get From Dictionary</arg>
<arg>${website_logos}</arg>
<arg>${key}</arg>
<doc>Runs the given keyword with the given arguments, if ``condition`` is true.</doc>
<status status="PASS" starttime="20240620 10:57:48.535" endtime="20240620 10:57:48.535" />
</kw>
<status status="PASS" starttime="20240620 10:57:48.535" endtime="20240620 10:57:48.535" />
</iter>
<status status="PASS" starttime="20240620 10:57:48.504" endtime="20240620 10:57:48.551" />
</for>
<status status="PASS" starttime="20240620 10:57:48.504" endtime="20240620 10:57:48.551" />
</kw>
<kw name="Set Global Variable" library="BuiltIn">
<arg>${ENVIRONMENT}</arg>
<arg>${env}</arg>
<doc>Makes a variable available globally in all tests and suites.</doc>
<msg timestamp="20240620 10:57:48.551" level="INFO">${ENVIRONMENT} = mobile</msg>
<status status="PASS" starttime="20240620 10:57:48.551" endtime="20240620 10:57:48.551" />
</kw>
<kw name="Sleep" library="BuiltIn">
<arg>5</arg>
<doc>Pauses the test executed for the given time.</doc>
<msg timestamp="20240620 10:57:53.551" level="INFO">Slept 5 seconds</msg>
<status status="PASS" starttime="20240620 10:57:48.551" endtime="20240620 10:57:53.553" />
</kw>
<kw name="Fill the Date of Birth" library="common_ui">
<kw name="Run Keyword And Ignore Error" library="BuiltIn">
<arg>Additional Steps for Contact_Form</arg>
<doc>Runs the given keyword with the given arguments and ignores possible error.</doc>
<kw name="Additional Steps for Contact_Form" library="common_ui">
<kw name="Wait Until Element Is Visible" library="SeleniumLibrary">
<arg>${close_privacy}</arg>
<doc>Waits until the element ``locator`` is visible.</doc>
<status status="PASS" starttime="20240620 10:57:53.559" endtime="20240620 10:57:53.887" />
</kw>
<kw name="Click Element" library="SeleniumLibrary">
<arg>${close_privacy}</arg>
<doc>Click the element identified by ``locator``.</doc>
<msg timestamp="20240620 10:57:53.891" level="INFO">Clicking element 'xpath=//button[@aria-label='close modal']'.</msg>
<status status="PASS" starttime="20240620 10:57:53.888" endtime="20240620 10:57:54.134" />
</kw>
<kw name="Sleep" library="BuiltIn">
<arg>2</arg>
<doc>Pauses the test executed for the given time.</doc>
<msg timestamp="20240620 10:57:56.139" level="INFO">Slept 2 seconds</msg>
<status status="PASS" starttime="20240620 10:57:54.137" endtime="20240620 10:57:56.139" />
</kw>
<status status="PASS" starttime="20240620 10:57:53.559" endtime="20240620 10:57:56.143" />
</kw>
<status status="PASS" starttime="20240620 10:57:53.555" endtime="20240620 10:57:56.146" />
</kw>
<kw name="Input Text" library="SeleniumLibrary">
<arg>${days}</arg>
<arg>1</arg>
<doc>Types the given ``text`` into the text field identified by ``locator``.</doc>
<msg timestamp="20240620 10:57:56.150" level="INFO">Typing text '1' into text field 'xpath=//input[@id='ag-day']'.</msg>
<status status="PASS" starttime="20240620 10:57:56.147" endtime="20240620 10:57:56.519" />
</kw>
<kw name="Input Text" library="SeleniumLibrary">
<arg>${months}</arg>
<arg>1</arg>
<doc>Types the given ``text`` into the text field identified by ``locator``.</doc>
<msg timestamp="20240620 10:57:56.530" level="INFO">Typing text '1' into text field 'xpath=//input[@id='ag-month']'.</msg>
<status status="PASS" starttime="20240620 10:57:56.530" endtime="20240620 10:57:56.815" />
</kw>
<kw name="Input Text" library="SeleniumLibrary">
<arg>${years}</arg>
<arg>1999</arg>
<doc>Types the given ``text`` into the text field identified by ``locator``.</doc>
<msg timestamp="20240620 10:57:56.817" level="INFO">Typing text '1999' into text field 'xpath=//input[@id='ag-year']'.</msg>
<status status="PASS" starttime="20240620 10:57:56.817" endtime="20240620 10:57:57.139" />
</kw>
<kw name="Run Keyword And Ignore Error" library="BuiltIn">
<arg>Additional Steps for WC</arg>
<doc>Runs the given keyword with the given arguments and ignores possible error.</doc>
<kw name="Additional Steps for WC" library="common_ui">
<kw name="Select Checkbox" library="SeleniumLibrary">
<arg>${checkbox}</arg>
<doc>Selects the checkbox identified by ``locator``.</doc>
<msg timestamp="20240620 10:57:57.150" level="INFO">Selecting checkbox 'id:ag-remember'.</msg>
<msg timestamp="20240620 10:58:01.129" level="INFO" html="true">&lt;/td&gt;&lt;/tr&gt;&lt;tr&gt;&lt;td colspan="3"&gt;&lt;a href="selenium-screenshot-1.png"&gt;&lt;img src="selenium-screenshot-1.png" width="800px"&gt;&lt;/a&gt;</msg>
<msg timestamp="20240620 10:58:01.129" level="FAIL">Checkbox with locator 'id:ag-remember' not found.</msg>
<status status="FAIL" starttime="20240620 10:57:57.149" endtime="20240620 10:58:01.174" />
</kw>
<kw name="Checkbox Should Be Selected" library="SeleniumLibrary">
<arg>${checkbox}</arg>
<doc>Verifies checkbox ``locator`` is selected/checked.</doc>
<status status="NOT RUN" starttime="20240620 10:58:01.179" endtime="20240620 10:58:01.180" />
</kw>
<kw name="Get Text" library="SeleniumLibrary">
<var>${warning_message}</var>
<arg>${warning}</arg>
<doc>Returns the text value of the element identified by ``locator``.</doc>
<status status="NOT RUN" starttime="20240620 10:58:01.185" endtime="20240620 10:58:01.186" />
</kw>
<kw name="Log" library="BuiltIn">
<arg>${warning_message}</arg>
<doc>Logs the given message with the given level.</doc>
<status status="NOT RUN" starttime="20240620 10:58:01.188" endtime="20240620 10:58:01.190" />
</kw>
<kw name="Get Text" library="SeleniumLibrary">
<var>${consent}</var>
<arg>${consent_data}</arg>
<doc>Returns the text value of the element identified by ``locator``.</doc>
<status status="NOT RUN" starttime="20240620 10:58:01.192" endtime="20240620 10:58:01.193" />
</kw>
<kw name="Log" library="BuiltIn">
<arg>${consent}</arg>
<doc>Logs the given message with the given level.</doc>
<status status="NOT RUN" starttime="20240620 10:58:01.195" endtime="20240620 10:58:01.196" />
</kw>
<status status="FAIL" starttime="20240620 10:57:57.146" endtime="20240620 10:58:01.200" />
</kw>
<status status="PASS" starttime="20240620 10:57:57.145" endtime="20240620 10:58:01.203" />
</kw>
<kw name="Click Button" library="SeleniumLibrary">
<arg>${confirm-button}</arg>
<doc>Clicks the button identified by ``locator``.</doc>
<msg timestamp="20240620 10:58:01.207" level="INFO">Clicking button 'xpath=//input[@id='ag-confirm']'.</msg>
<status status="PASS" starttime="20240620 10:58:01.205" endtime="20240620 10:58:01.642" />
</kw>
<status status="PASS" starttime="20240620 10:57:53.555" endtime="20240620 10:58:01.646" />
</kw>
<status status="PASS" starttime="20240620 10:56:23.086" endtime="20240620 10:58:01.649" />
</kw>
<status status="PASS" starttime="20240620 10:56:23.084" endtime="20240620 10:58:01.649" />
</kw>
<test id="s1-s1-t1" name="Navigated to Contact Page on mobile" line="16">
<kw name="Click on tab with Name" library="contact_form_steps">
<arg>${tab_name}</arg>
<kw name="Run Keyword And Ignore Error" library="BuiltIn">
<arg>Click Element</arg>
<arg>${hamburger}</arg>
<doc>Runs the given keyword with the given arguments and ignores possible error.</doc>
<kw name="Click Element" library="SeleniumLibrary">
<arg>${hamburger}</arg>
<doc>Click the element identified by ``locator``.</doc>
<msg timestamp="20240620 10:58:01.666" level="INFO">Clicking element 'css:div.hamburger'.</msg>
<status status="PASS" starttime="20240620 10:58:01.664" endtime="20240620 10:58:01.908" />
</kw>
<status status="PASS" starttime="20240620 10:58:01.662" endtime="20240620 10:58:01.908" />
</kw>
<kw name="Wait Until Element Is Visible" library="SeleniumLibrary">
<arg>${navigation_tabs} a</arg>
<arg>timeout=10</arg>
<doc>Waits until the element ``locator`` is visible.</doc>
<status status="PASS" starttime="20240620 10:58:01.913" endtime="20240620 10:58:02.538" />
</kw>
<kw name="Get WebElements" library="SeleniumLibrary">
<var>@{tabs}</var>
<arg>${navigation_tabs} a</arg>
<doc>Returns a list of WebElement objects matching the ``locator``.</doc>
<msg timestamp="20240620 10:58:02.654" level="INFO">@{tabs} = [ &lt;selenium.webdriver.remote.webelement.WebElement (session="cdad1585cd0637e2dc306ecce6fcc4f816a78dc0", element="5015")&gt; | &lt;selenium.webdriver.remote.webelement.WebElement (session="cdad1585cd0637e2dc...</msg>
<status status="PASS" starttime="20240620 10:58:02.540" endtime="20240620 10:58:02.654" />
</kw>
<for flavor="IN">
<var>${tab}</var>
<value>@{tabs}</value>
<iter>
<var name="${tab}">&lt;selenium.webdriver.remote.webelement.WebElement (session="cdad1585cd0637e2dc306ecce6fcc4f816a78dc0", element="5015")&gt;</var>
<kw name="Get Text" library="SeleniumLibrary">
<var>${text}</var>
<arg>${tab}</arg>
<doc>Returns the text value of the element identified by ``locator``.</doc>
<msg timestamp="20240620 10:58:02.737" level="INFO">${text} = Flavours</msg>
<status status="PASS" starttime="20240620 10:58:02.667" endtime="20240620 10:58:02.737" />
</kw>
<if>
<branch type="IF" condition="'${text}' == '${tab_name}'">
<kw name="Click Element" library="SeleniumLibrary">
<arg>${tab}</arg>
<doc>Click the element identified by ``locator``.</doc>
<status status="NOT RUN" starttime="20240620 10:58:02.751" endtime="20240620 10:58:02.754" />
</kw>
<kw name="Sleep" library="BuiltIn">
<arg>4</arg>
<doc>Pauses the test executed for the given time.</doc>
<status status="NOT RUN" starttime="20240620 10:58:02.754" endtime="20240620 10:58:02.754" />
</kw>
<kw name="Exit For Loop" library="BuiltIn">
<doc>Stops executing the enclosing FOR loop.</doc>
<status status="NOT RUN" starttime="20240620 10:58:02.754" endtime="20240620 10:58:02.754" />
</kw>
<status status="NOT RUN" starttime="20240620 10:58:02.751" endtime="20240620 10:58:02.766" />
</branch>
<status status="PASS" starttime="20240620 10:58:02.750" endtime="20240620 10:58:02.767" />
</if>
<status status="PASS" starttime="20240620 10:58:02.665" endtime="20240620 10:58:02.767" />
</iter>
<iter>
<var name="${tab}">&lt;selenium.webdriver.remote.webelement.WebElement (session="cdad1585cd0637e2dc306ecce6fcc4f816a78dc0", element="5016")&gt;</var>
<kw name="Get Text" library="SeleniumLibrary">
<var>${text}</var>
<arg>${tab}</arg>
<doc>Returns the text value of the element identified by ``locator``.</doc>
<msg timestamp="20240620 10:58:02.869" level="INFO">${text} = Fresh Takes</msg>
<status status="PASS" starttime="20240620 10:58:02.771" endtime="20240620 10:58:02.871" />
</kw>
<if>
<branch type="IF" condition="'${text}' == '${tab_name}'">
<kw name="Click Element" library="SeleniumLibrary">
<arg>${tab}</arg>
<doc>Click the element identified by ``locator``.</doc>
<status status="NOT RUN" starttime="20240620 10:58:02.875" endtime="20240620 10:58:02.875" />
</kw>
<kw name="Sleep" library="BuiltIn">
<arg>4</arg>
<doc>Pauses the test executed for the given time.</doc>
<status status="NOT RUN" starttime="20240620 10:58:02.877" endtime="20240620 10:58:02.877" />
</kw>
<kw name="Exit For Loop" library="BuiltIn">
<doc>Stops executing the enclosing FOR loop.</doc>
<status status="NOT RUN" starttime="20240620 10:58:02.881" endtime="20240620 10:58:02.883" />
</kw>
<status status="NOT RUN" starttime="20240620 10:58:02.873" endtime="20240620 10:58:02.885" />
</branch>
<status status="PASS" starttime="20240620 10:58:02.873" endtime="20240620 10:58:02.889" />
</if>
<status status="PASS" starttime="20240620 10:58:02.771" endtime="20240620 10:58:02.889" />
</iter>
<iter>
<var name="${tab}">&lt;selenium.webdriver.remote.webelement.WebElement (session="cdad1585cd0637e2dc306ecce6fcc4f816a78dc0", element="5017")&gt;</var>
<kw name="Get Text" library="SeleniumLibrary">
<var>${text}</var>
<arg>${tab}</arg>
<doc>Returns the text value of the element identified by ``locator``.</doc>
<msg timestamp="20240620 10:58:02.988" level="INFO">${text} = FAQs</msg>
<status status="PASS" starttime="20240620 10:58:02.892" endtime="20240620 10:58:02.988" />
</kw>
<if>
<branch type="IF" condition="'${text}' == '${tab_name}'">
<kw name="Click Element" library="SeleniumLibrary">
<arg>${tab}</arg>
<doc>Click the element identified by ``locator``.</doc>
<status status="NOT RUN" starttime="20240620 10:58:02.988" endtime="20240620 10:58:02.995" />
</kw>
<kw name="Sleep" library="BuiltIn">
<arg>4</arg>
<doc>Pauses the test executed for the given time.</doc>
<status status="NOT RUN" starttime="20240620 10:58:02.995" endtime="20240620 10:58:02.995" />
</kw>
<kw name="Exit For Loop" library="BuiltIn">
<doc>Stops executing the enclosing FOR loop.</doc>
<status status="NOT RUN" starttime="20240620 10:58:03.002" endtime="20240620 10:58:03.004" />
</kw>
<status status="NOT RUN" starttime="20240620 10:58:02.988" endtime="20240620 10:58:03.006" />
</branch>
<status status="PASS" starttime="20240620 10:58:02.988" endtime="20240620 10:58:03.007" />
</if>
<status status="PASS" starttime="20240620 10:58:02.892" endtime="20240620 10:58:03.007" />
</iter>
<iter>
<var name="${tab}">&lt;selenium.webdriver.remote.webelement.WebElement (session="cdad1585cd0637e2dc306ecce6fcc4f816a78dc0", element="5018")&gt;</var>
<kw name="Get Text" library="SeleniumLibrary">
<var>${text}</var>
<arg>${tab}</arg>
<doc>Returns the text value of the element identified by ``locator``.</doc>
<msg timestamp="20240620 10:58:03.103" level="INFO">${text} = Contact</msg>
<status status="PASS" starttime="20240620 10:58:03.011" endtime="20240620 10:58:03.111" />
</kw>
<if>
<branch type="IF" condition="'${text}' == '${tab_name}'">
<kw name="Click Element" library="SeleniumLibrary">
<arg>${tab}</arg>
<doc>Click the element identified by ``locator``.</doc>
<msg timestamp="20240620 10:58:03.117" level="INFO">Clicking element '&lt;selenium.webdriver.remote.webelement.WebElement (session="cdad1585cd0637e2dc306ecce6fcc4f816a78dc0", element="5018")&gt;'.</msg>
<status status="PASS" starttime="20240620 10:58:03.111" endtime="20240620 10:58:03.284" />
</kw>
<kw name="Sleep" library="BuiltIn">
<arg>4</arg>
<doc>Pauses the test executed for the given time.</doc>
<msg timestamp="20240620 10:58:07.289" level="INFO">Slept 4 seconds</msg>
<status status="PASS" starttime="20240620 10:58:03.289" endtime="20240620 10:58:07.289" />
</kw>
<kw name="Exit For Loop" library="BuiltIn">
<doc>Stops executing the enclosing FOR loop.</doc>
<msg timestamp="20240620 10:58:07.291" level="INFO">Exiting for loop altogether.</msg>
<status status="PASS" starttime="20240620 10:58:07.291" endtime="20240620 10:58:07.291" />
</kw>
<status status="PASS" starttime="20240620 10:58:03.111" endtime="20240620 10:58:07.296" />
</branch>
<status status="PASS" starttime="20240620 10:58:03.111" endtime="20240620 10:58:07.296" />
</if>
<status status="PASS" starttime="20240620 10:58:03.011" endtime="20240620 10:58:07.296" />
</iter>
<status status="PASS" starttime="20240620 10:58:02.663" endtime="20240620 10:58:07.296" />
</for>
<status status="PASS" starttime="20240620 10:58:01.658" endtime="20240620 10:58:07.296" />
</kw>
<kw name="Generate Random Email" library="custom_email">
<arg>${domain}</arg>
<msg timestamp="20240620 10:58:07.305" level="INFO">Typing text 'abrop1ralm@testing.com' into text field 'form-email'.</msg>
<msg timestamp="20240620 10:58:07.755" level="INFO">Generated email: abrop1ralm@testing.com</msg>
<status status="PASS" starttime="20240620 10:58:07.305" endtime="20240620 10:58:07.760" />
</kw>
<kw name="Enter the details in the form and submit it after confirmation message verification" library="contact_form_steps">
<arg>${subjectName}</arg>
<arg>${batch-code}</arg>
<arg>${firstname}</arg>
<arg>${lastname}</arg>
<arg>${message}</arg>
<kw name="Get WebElements" library="SeleniumLibrary">
<var>@{countryNames}</var>
<arg>${countryNamesLocator}</arg>
<doc>Returns a list of WebElement objects matching the ``locator``.</doc>
<msg timestamp="20240620 10:58:07.877" level="INFO">@{countryNames} = [ &lt;selenium.webdriver.remote.webelement.WebElement (session="cdad1585cd0637e2dc306ecce6fcc4f816a78dc0", element="5020")&gt; | &lt;selenium.webdriver.remote.webelement.WebElement (session="cdad1585cd0637e2dc...</msg>
<status status="PASS" starttime="20240620 10:58:07.762" endtime="20240620 10:58:07.879" />
</kw>
<kw name="Create List" library="BuiltIn">
<var>@{country_list}</var>
<doc>Returns a list containing given items.</doc>
<msg timestamp="20240620 10:58:07.879" level="INFO">@{country_list} = [ ]</msg>
<status status="PASS" starttime="20240620 10:58:07.879" endtime="20240620 10:58:07.879" />
</kw>
<for flavor="IN">
<var>${countryName}</var>
<value>@{countryNames}</value>
<iter>
<var name="${countryName}">&lt;selenium.webdriver.remote.webelement.WebElement (session="cdad1585cd0637e2dc306ecce6fcc4f816a78dc0", element="5020")&gt;</var>
<kw name="Get Text" library="SeleniumLibrary">
<var>${Namedata}</var>
<arg>${countryName}</arg>
<doc>Returns the text value of the element identified by ``locator``.</doc>
<msg timestamp="20240620 10:58:08.007" level="INFO">${Namedata} = Australia </msg>
<status status="PASS" starttime="20240620 10:58:07.889" endtime="20240620 10:58:08.007" />
</kw>
<kw name="Append To List" library="Collections">
<arg>${country_list}</arg>
<arg>${Namedata}</arg>
<doc>Adds ``values`` to the end of ``list``.</doc>
<status status="PASS" starttime="20240620 10:58:08.012" endtime="20240620 10:58:08.012" />
</kw>
<status status="PASS" starttime="20240620 10:58:07.879" endtime="20240620 10:58:08.012" />
</iter>
<iter>
<var name="${countryName}">&lt;selenium.webdriver.remote.webelement.WebElement (session="cdad1585cd0637e2dc306ecce6fcc4f816a78dc0", element="5021")&gt;</var>
<kw name="Get Text" library="SeleniumLibrary">
<var>${Namedata}</var>
<arg>${countryName}</arg>
<doc>Returns the text value of the element identified by ``locator``.</doc>
<msg timestamp="20240620 10:58:08.131" level="INFO">${Namedata} = Austria </msg>
<status status="PASS" starttime="20240620 10:58:08.023" endtime="20240620 10:58:08.133" />
</kw>
<kw name="Append To List" library="Collections">
<arg>${country_list}</arg>
<arg>${Namedata}</arg>
<doc>Adds ``values`` to the end of ``list``.</doc>
<status status="PASS" starttime="20240620 10:58:08.135" endtime="20240620 10:58:08.135" />
</kw>
<status status="PASS" starttime="20240620 10:58:08.021" endtime="20240620 10:58:08.135" />
</iter>
<iter>
<var name="${countryName}">&lt;selenium.webdriver.remote.webelement.WebElement (session="cdad1585cd0637e2dc306ecce6fcc4f816a78dc0", element="5022")&gt;</var>
<kw name="Get Text" library="SeleniumLibrary">
<var>${Namedata}</var>
<arg>${countryName}</arg>
<doc>Returns the text value of the element identified by ``locator``.</doc>
<msg timestamp="20240620 10:58:08.240" level="INFO">${Namedata} = Belgium </msg>
<status status="PASS" starttime="20240620 10:58:08.145" endtime="20240620 10:58:08.242" />
</kw>
<kw name="Append To List" library="Collections">
<arg>${country_list}</arg>
<arg>${Namedata}</arg>
<doc>Adds ``values`` to the end of ``list``.</doc>
<status status="PASS" starttime="20240620 10:58:08.242" endtime="20240620 10:58:08.242" />
</kw>
<status status="PASS" starttime="20240620 10:58:08.135" endtime="20240620 10:58:08.242" />
</iter>
<iter>
<var name="${countryName}">&lt;selenium.webdriver.remote.webelement.WebElement (session="cdad1585cd0637e2dc306ecce6fcc4f816a78dc0", element="5023")&gt;</var>
<kw name="Get Text" library="SeleniumLibrary">
<var>${Namedata}</var>
<arg>${countryName}</arg>
<doc>Returns the text value of the element identified by ``locator``.</doc>
<msg timestamp="20240620 10:58:08.352" level="INFO">${Namedata} = Canada </msg>
<status status="PASS" starttime="20240620 10:58:08.259" endtime="20240620 10:58:08.352" />
</kw>
<kw name="Append To List" library="Collections">
<arg>${country_list}</arg>
<arg>${Namedata}</arg>
<doc>Adds ``values`` to the end of ``list``.</doc>
<status status="PASS" starttime="20240620 10:58:08.352" endtime="20240620 10:58:08.352" />
</kw>
<status status="PASS" starttime="20240620 10:58:08.256" endtime="20240620 10:58:08.352" />
</iter>
<iter>
<var name="${countryName}">&lt;selenium.webdriver.remote.webelement.WebElement (session="cdad1585cd0637e2dc306ecce6fcc4f816a78dc0", element="5024")&gt;</var>
<kw name="Get Text" library="SeleniumLibrary">
<var>${Namedata}</var>
<arg>${countryName}</arg>
<doc>Returns the text value of the element identified by ``locator``.</doc>
<msg timestamp="20240620 10:58:08.435" level="INFO">${Namedata} = Finland </msg>
<status status="PASS" starttime="20240620 10:58:08.352" endtime="20240620 10:58:08.447" />
</kw>
<kw name="Append To List" library="Collections">
<arg>${country_list}</arg>
<arg>${Namedata}</arg>
<doc>Adds ``values`` to the end of ``list``.</doc>
<status status="PASS" starttime="20240620 10:58:08.449" endtime="20240620 10:58:08.449" />
</kw>
<status status="PASS" starttime="20240620 10:58:08.352" endtime="20240620 10:58:08.449" />
</iter>
<iter>
<var name="${countryName}">&lt;selenium.webdriver.remote.webelement.WebElement (session="cdad1585cd0637e2dc306ecce6fcc4f816a78dc0", element="5025")&gt;</var>
<kw name="Get Text" library="SeleniumLibrary">
<var>${Namedata}</var>
<arg>${countryName}</arg>
<doc>Returns the text value of the element identified by ``locator``.</doc>
<msg timestamp="20240620 10:58:08.560" level="INFO">${Namedata} = Germany </msg>
<status status="PASS" starttime="20240620 10:58:08.463" endtime="20240620 10:58:08.560" />
</kw>
<kw name="Append To List" library="Collections">
<arg>${country_list}</arg>
<arg>${Namedata}</arg>
<doc>Adds ``values`` to the end of ``list``.</doc>
<status status="PASS" starttime="20240620 10:58:08.567" endtime="20240620 10:58:08.569" />
</kw>
<status status="PASS" starttime="20240620 10:58:08.449" endtime="20240620 10:58:08.573" />
</iter>
<iter>
<var name="${countryName}">&lt;selenium.webdriver.remote.webelement.WebElement (session="cdad1585cd0637e2dc306ecce6fcc4f816a78dc0", element="5026")&gt;</var>
<kw name="Get Text" library="SeleniumLibrary">
<var>${Namedata}</var>
<arg>${countryName}</arg>
<doc>Returns the text value of the element identified by ``locator``.</doc>
<msg timestamp="20240620 10:58:08.664" level="INFO">${Namedata} = Ireland </msg>
<status status="PASS" starttime="20240620 10:58:08.575" endtime="20240620 10:58:08.666" />
</kw>
<kw name="Append To List" library="Collections">
<arg>${country_list}</arg>
<arg>${Namedata}</arg>
<doc>Adds ``values`` to the end of ``list``.</doc>
<status status="PASS" starttime="20240620 10:58:08.670" endtime="20240620 10:58:08.672" />
</kw>
<status status="PASS" starttime="20240620 10:58:08.575" endtime="20240620 10:58:08.676" />
</iter>
<iter>
<var name="${countryName}">&lt;selenium.webdriver.remote.webelement.WebElement (session="cdad1585cd0637e2dc306ecce6fcc4f816a78dc0", element="5027")&gt;</var>
<kw name="Get Text" library="SeleniumLibrary">
<var>${Namedata}</var>
<arg>${countryName}</arg>
<doc>Returns the text value of the element identified by ``locator``.</doc>
<msg timestamp="20240620 10:58:08.781" level="INFO">${Namedata} = Netherlands </msg>
<status status="PASS" starttime="20240620 10:58:08.679" endtime="20240620 10:58:08.783" />
</kw>
<kw name="Append To List" library="Collections">
<arg>${country_list}</arg>
<arg>${Namedata}</arg>
<doc>Adds ``values`` to the end of ``list``.</doc>
<status status="PASS" starttime="20240620 10:58:08.791" endtime="20240620 10:58:08.792" />
</kw>
<status status="PASS" starttime="20240620 10:58:08.678" endtime="20240620 10:58:08.796" />
</iter>
<iter>
<var name="${countryName}">&lt;selenium.webdriver.remote.webelement.WebElement (session="cdad1585cd0637e2dc306ecce6fcc4f816a78dc0", element="5028")&gt;</var>
<kw name="Get Text" library="SeleniumLibrary">
<var>${Namedata}</var>
<arg>${countryName}</arg>
<doc>Returns the text value of the element identified by ``locator``.</doc>
<msg timestamp="20240620 10:58:08.905" level="INFO">${Namedata} = Sweden </msg>
<status status="PASS" starttime="20240620 10:58:08.801" endtime="20240620 10:58:08.908" />
</kw>
<kw name="Append To List" library="Collections">
<arg>${country_list}</arg>
<arg>${Namedata}</arg>
<doc>Adds ``values`` to the end of ``list``.</doc>
<status status="PASS" starttime="20240620 10:58:08.913" endtime="20240620 10:58:08.914" />
</kw>
<status status="PASS" starttime="20240620 10:58:08.801" endtime="20240620 10:58:08.917" />
</iter>
<iter>
<var name="${countryName}">&lt;selenium.webdriver.remote.webelement.WebElement (session="cdad1585cd0637e2dc306ecce6fcc4f816a78dc0", element="5029")&gt;</var>
<kw name="Get Text" library="SeleniumLibrary">
<var>${Namedata}</var>
<arg>${countryName}</arg>
<doc>Returns the text value of the element identified by ``locator``.</doc>
<msg timestamp="20240620 10:58:09.020" level="INFO">${Namedata} = Switzerland </msg>
<status status="PASS" starttime="20240620 10:58:08.921" endtime="20240620 10:58:09.022" />
</kw>
<kw name="Append To List" library="Collections">
<arg>${country_list}</arg>
<arg>${Namedata}</arg>
<doc>Adds ``values`` to the end of ``list``.</doc>
<status status="PASS" starttime="20240620 10:58:09.027" endtime="20240620 10:58:09.029" />
</kw>
<status status="PASS" starttime="20240620 10:58:08.919" endtime="20240620 10:58:09.031" />
</iter>
<iter>
<var name="${countryName}">&lt;selenium.webdriver.remote.webelement.WebElement (session="cdad1585cd0637e2dc306ecce6fcc4f816a78dc0", element="5030")&gt;</var>
<kw name="Get Text" library="SeleniumLibrary">
<var>${Namedata}</var>
<arg>${countryName}</arg>
<doc>Returns the text value of the element identified by ``locator``.</doc>
<msg timestamp="20240620 10:58:09.134" level="INFO">${Namedata} = United Kingdom </msg>
<status status="PASS" starttime="20240620 10:58:09.037" endtime="20240620 10:58:09.136" />
</kw>
<kw name="Append To List" library="Collections">
<arg>${country_list}</arg>
<arg>${Namedata}</arg>
<doc>Adds ``values`` to the end of ``list``.</doc>
<status status="PASS" starttime="20240620 10:58:09.138" endtime="20240620 10:58:09.138" />
</kw>
<status status="PASS" starttime="20240620 10:58:09.036" endtime="20240620 10:58:09.138" />
</iter>
<iter>
<var name="${countryName}">&lt;selenium.webdriver.remote.webelement.WebElement (session="cdad1585cd0637e2dc306ecce6fcc4f816a78dc0", element="5031")&gt;</var>
<kw name="Get Text" library="SeleniumLibrary">
<var>${Namedata}</var>
<arg>${countryName}</arg>
<doc>Returns the text value of the element identified by ``locator``.</doc>
<msg timestamp="20240620 10:58:09.242" level="INFO">${Namedata} = United States </msg>
<status status="PASS" starttime="20240620 10:58:09.147" endtime="20240620 10:58:09.243" />
</kw>
<kw name="Append To List" library="Collections">
<arg>${country_list}</arg>
<arg>${Namedata}</arg>
<doc>Adds ``values`` to the end of ``list``.</doc>
<status status="PASS" starttime="20240620 10:58:09.245" endtime="20240620 10:58:09.247" />
</kw>
<status status="PASS" starttime="20240620 10:58:09.138" endtime="20240620 10:58:09.249" />
</iter>
<status status="PASS" starttime="20240620 10:58:07.879" endtime="20240620 10:58:09.251" />
</for>
<kw name="Log" library="BuiltIn">
<arg>${country_list}</arg>
<doc>Logs the given message with the given level.</doc>
<msg timestamp="20240620 10:58:09.255" level="INFO">['Australia ', 'Austria ', 'Belgium ', 'Canada ', 'Finland ', 'Germany ', 'Ireland ', 'Netherlands ', 'Sweden ', 'Switzerland ', 'United Kingdom ', 'United States ']</msg>
<status status="PASS" starttime="20240620 10:58:09.253" endtime="20240620 10:58:09.256" />
</kw>
<kw name="Select From List By Value" library="SeleniumLibrary">
<arg>${subject}</arg>
<arg>${subjectName}</arg>
<doc>Selects options from selection list ``locator`` by ``values``.</doc>
<msg timestamp="20240620 10:58:09.257" level="INFO">Selecting options from selection list 'css:select[id='form-subject']' by value 100000003.</msg>
<status status="PASS" starttime="20240620 10:58:09.257" endtime="20240620 10:58:10.183" />
</kw>
<kw name="Input Text" library="SeleniumLibrary">
<arg>id:form-batchcode</arg>
<arg>${batch-code}</arg>
<doc>Types the given ``text`` into the text field identified by ``locator``.</doc>
<msg timestamp="20240620 10:58:10.187" level="INFO">Typing text 'ABCexample2344' into text field 'id:form-batchcode'.</msg>
<status status="PASS" starttime="20240620 10:58:10.187" endtime="20240620 10:58:10.505" />
</kw>
<kw name="Input Text" library="SeleniumLibrary">
<arg>id:form-firstname</arg>
<arg>${firstname}</arg>
<doc>Types the given ``text`` into the text field identified by ``locator``.</doc>
<msg timestamp="20240620 10:58:10.505" level="INFO">Typing text 'ABC' into text field 'id:form-firstname'.</msg>
<status status="PASS" starttime="20240620 10:58:10.505" endtime="20240620 10:58:10.931" />
</kw>
<kw name="Input Text" library="SeleniumLibrary">
<arg>css:div input[name='formLastName']</arg>
<arg>${lastname}</arg>
<doc>Types the given ``text`` into the text field identified by ``locator``.</doc>
<msg timestamp="20240620 10:58:10.934" level="INFO">Typing text 'DEF' into text field 'css:div input[name='formLastName']'.</msg>
<status status="PASS" starttime="20240620 10:58:10.933" endtime="20240620 10:58:11.339" />
</kw>
<kw name="Input Text" library="SeleniumLibrary">
<arg>id:form-message</arg>
<arg>${message}</arg>
<doc>Types the given ``text`` into the text field identified by ``locator``.</doc>
<msg timestamp="20240620 10:58:11.343" level="INFO">Typing text 'testing' into text field 'id:form-message'.</msg>
<status status="PASS" starttime="20240620 10:58:11.343" endtime="20240620 10:58:11.850" />
</kw>
<kw name="Element Should Be Enabled" library="SeleniumLibrary">
<arg>id:submit-contact-form</arg>
<doc>Verifies that element identified by ``locator`` is enabled.</doc>
<status status="PASS" starttime="20240620 10:58:11.854" endtime="20240620 10:58:12.125" />
</kw>
<status status="PASS" starttime="20240620 10:58:07.760" endtime="20240620 10:58:12.127" />
</kw>
<kw name="Close Browser session after the end" library="common_ui" type="TEARDOWN">
<kw name="Close Browser" library="SeleniumLibrary">
<doc>Closes the current browser.</doc>
<status status="PASS" starttime="20240620 10:58:12.132" endtime="20240620 10:58:12.135" />
</kw>
<status status="PASS" starttime="20240620 10:58:12.129" endtime="20240620 10:58:12.136" />
</kw>
<tag>MOBILE</tag>
<status status="PASS" starttime="20240620 10:58:01.655" endtime="20240620 10:58:12.141" />
</test>
<doc>Filling of the contact details</doc>
<status status="PASS" starttime="20240620 10:56:22.879" endtime="20240620 10:58:14.076" />
</suite>
<status status="PASS" starttime="20240620 10:56:22.879" endtime="20240620 10:58:14.076" />
</suite><errors>
<msg timestamp="20240620 10:56:24.658" level="WARN">The chromedriver version (125.0.6422.76) detected in PATH at C:\Drivers\chromedriver.exe might not be compatible with the detected chrome version (126.0.6478.63); currently, chromedriver 126.0.6478.62 is recommended for chrome 126.*, so it is advised to delete the driver in PATH and retry</msg>
</errors>
</robot>