<robot generator="Robot 5.0.1 (Python 3.11.3 on win32)" generated="20240620 11:01:41.724" rpa="false" schemaversion="3">
<statistics>
<total>
<stat pass="1" fail="0" skip="0">All Tests</stat>
</total>
<tag>
<stat pass="1" fail="0" skip="0">MOBILE</stat>
<stat pass="1" fail="0" skip="0">REGRESSION</stat>
</tag>
<suite>
<stat pass="1" fail="0" skip="0" id="s1" name="UI">UI</stat>
<stat pass="1" fail="0" skip="0" id="s1-s1" name="Website Testing">UI.Website Testing</stat>
</suite>
</statistics>
<suite name="Suites" id="s0"><suite id="s1-s1" name="Website Testing 15, iPhone 13, Safari" source="C:\Users\Prateek\Downloads\PROJECTS\browserstack-robot Framework\robot-browserstack-sdkLatest\robot-browserstack-sdkLatest\robot-browserstack-sdkLatest\robot-browserstack-sdk\tests\UI\website_testing.robot">
<kw name="Setup for url" library="common_ui" type="SETUP">
<arg>${url_mikeshared}</arg>
<arg>${ENVIRONMENT}</arg>
<kw name="SuiteSetup" library="common_ui">
<arg>${url}</arg>
<arg>${env}</arg>
<kw name="Run Keyword And Ignore Error" library="BuiltIn">
<arg>Remove Files</arg>
<arg>${OUTPUTDIR}/selenium-screenshot-*.png</arg>
<doc>Runs the given keyword with the given arguments and ignores possible error.</doc>
<kw name="Remove Files" library="OperatingSystem">
<arg>${OUTPUTDIR}/selenium-screenshot-*.png</arg>
<doc>Uses `Remove File` to remove multiple files one-by-one.</doc>
<msg timestamp="20240620 11:01:42.039" level="INFO" html="true">Removed file '&lt;a href="file://C:\Users\Prateek\Downloads\PROJECTS\browserstack-robot Framework\robot-browserstack-sdkLatest\robot-browserstack-sdkLatest\robot-browserstack-sdkLatest\selenium-screenshot-1.png"&gt;C:\Users\Prateek\Downloads\PROJECTS\browserstack-robot Framework\robot-browserstack-sdkLatest\robot-browserstack-sdkLatest\robot-browserstack-sdkLatest\selenium-screenshot-1.png&lt;/a&gt;'.</msg>
<status status="PASS" starttime="20240620 11:01:42.034" endtime="20240620 11:01:42.039" />
</kw>
<status status="PASS" starttime="20240620 11:01:42.033" endtime="20240620 11:01:42.044" />
</kw>
<kw name="Remove Files" library="OperatingSystem">
<arg>customLibraries/__pycache__/*</arg>
<doc>Uses `Remove File` to remove multiple files one-by-one.</doc>
<msg timestamp="20240620 11:01:42.050" level="INFO" html="true">File '&lt;a href="file://C:\Users\Prateek\Downloads\PROJECTS\browserstack-robot Framework\robot-browserstack-sdkLatest\robot-browserstack-sdkLatest\robot-browserstack-sdkLatest\customLibraries\__pycache__\*"&gt;C:\Users\Prateek\Downloads\PROJECTS\browserstack-robot Framework\robot-browserstack-sdkLatest\robot-browserstack-sdkLatest\robot-browserstack-sdkLatest\customLibraries\__pycache__\*&lt;/a&gt;' does not exist.</msg>
<status status="PASS" starttime="20240620 11:01:42.048" endtime="20240620 11:01:42.050" />
</kw>
<kw name="Open Browser" library="SeleniumLibrary">
<arg>${url}</arg>
<arg>${browser_name}</arg>
<doc>Opens a new browser instance to the optional ``url``.</doc>
<msg timestamp="20240620 11:01:42.057" level="INFO">Opening browser 'Chrome' to base url 'https://www.mikesharder.com/'.</msg>
<msg timestamp="20240620 11:01:43.735" level="WARN">The chromedriver version (125.0.6422.76) detected in PATH at C:\Drivers\chromedriver.exe might not be compatible with the detected chrome version (126.0.6478.63); currently, chromedriver 126.0.6478.62 is recommended for chrome 126.*, so it is advised to delete the driver in PATH and retry</msg>
<msg timestamp="20240620 11:01:43.744" level="INFO">Completed setup!</msg>
<status status="PASS" starttime="20240620 11:01:42.055" endtime="20240620 11:02:06.874" />
</kw>
<kw name="Maximize Browser Window" library="SeleniumLibrary">
<doc>Maximizes current browser window.</doc>
<status status="PASS" starttime="20240620 11:02:06.891" endtime="20240620 11:02:06.985" />
</kw>
<kw name="Location Should Be" library="SeleniumLibrary">
<arg>${url}</arg>
<doc>Verifies that the current URL is exactly ``url``.</doc>
<msg timestamp="20240620 11:02:07.092" level="INFO">Current location is 'https://www.mikesharder.com/'.</msg>
<status status="PASS" starttime="20240620 11:02:06.985" endtime="20240620 11:02:07.094" />
</kw>
<kw name="Check Website Logo" library="common_ui">
<arg>${url}</arg>
<kw name="Get Dictionary Keys" library="Collections">
<var>${keys}</var>
<arg>${website_logos}</arg>
<doc>Returns keys of the given ``dictionary`` as a list.</doc>
<msg timestamp="20240620 11:02:07.097" level="INFO">${keys} = ['https://at.whiteclaw.com/en/', 'https://au-dev.whiteclaw.com/', 'https://www.mikesharder.com/']</msg>
<status status="PASS" starttime="20240620 11:02:07.097" endtime="20240620 11:02:07.097" />
</kw>
<for flavor="IN">
<var>${key}</var>
<value>@{keys}</value>
<iter>
<var name="${key}">https://at.whiteclaw.com/en/</var>
<kw name="Log" library="BuiltIn">
<arg>Checking ${key} against ${url}</arg>
<doc>Logs the given message with the given level.</doc>
<msg timestamp="20240620 11:02:07.115" level="INFO">Checking https://at.whiteclaw.com/en/ against https://www.mikesharder.com/</msg>
<status status="PASS" starttime="20240620 11:02:07.111" endtime="20240620 11:02:07.115" />
</kw>
<kw name="Run Keyword If" library="BuiltIn">
<arg>'${url}' == '${key}'</arg>
<arg>Run Keyword And Return</arg>
<arg>Get From Dictionary</arg>
<arg>${website_logos}</arg>
<arg>${key}</arg>
<doc>Runs the given keyword with the given arguments, if ``condition`` is true.</doc>
<status status="PASS" starttime="20240620 11:02:07.115" endtime="20240620 11:02:07.125" />
</kw>
<status status="PASS" starttime="20240620 11:02:07.111" endtime="20240620 11:02:07.127" />
</iter>
<iter>
<var name="${key}">https://au-dev.whiteclaw.com/</var>
<kw name="Log" library="BuiltIn">
<arg>Checking ${key} against ${url}</arg>
<doc>Logs the given message with the given level.</doc>
<msg timestamp="20240620 11:02:07.133" level="INFO">Checking https://au-dev.whiteclaw.com/ against https://www.mikesharder.com/</msg>
<status status="PASS" starttime="20240620 11:02:07.133" endtime="20240620 11:02:07.133" />
</kw>
<kw name="Run Keyword If" library="BuiltIn">
<arg>'${url}' == '${key}'</arg>
<arg>Run Keyword And Return</arg>
<arg>Get From Dictionary</arg>
<arg>${website_logos}</arg>
<arg>${key}</arg>
<doc>Runs the given keyword with the given arguments, if ``condition`` is true.</doc>
<status status="PASS" starttime="20240620 11:02:07.139" endtime="20240620 11:02:07.143" />
</kw>
<status status="PASS" starttime="20240620 11:02:07.127" endtime="20240620 11:02:07.143" />
</iter>
<iter>
<var name="${key}">https://www.mikesharder.com/</var>
<kw name="Log" library="BuiltIn">
<arg>Checking ${key} against ${url}</arg>
<doc>Logs the given message with the given level.</doc>
<msg timestamp="20240620 11:02:07.143" level="INFO">Checking https://www.mikesharder.com/ against https://www.mikesharder.com/</msg>
<status status="PASS" starttime="20240620 11:02:07.143" endtime="20240620 11:02:07.159" />
</kw>
<kw name="Run Keyword If" library="BuiltIn">
<arg>'${url}' == '${key}'</arg>
<arg>Run Keyword And Return</arg>
<arg>Get From Dictionary</arg>
<arg>${website_logos}</arg>
<arg>${key}</arg>
<doc>Runs the given keyword with the given arguments, if ``condition`` is true.</doc>
<kw name="Run Keyword And Return" library="BuiltIn">
<arg>Get From Dictionary</arg>
<arg>${website_logos}</arg>
<arg>${key}</arg>
<doc>Runs the specified keyword and returns from the enclosing user keyword.</doc>
<kw name="Get From Dictionary" library="Collections">
<arg>${website_logos}</arg>
<arg>${key}</arg>
<doc>Returns a value from the given ``dictionary`` based on the given ``key``.</doc>
<status status="PASS" starttime="20240620 11:02:07.159" endtime="20240620 11:02:07.169" />
</kw>
<msg timestamp="20240620 11:02:07.169" level="INFO">Returning from the enclosing user keyword.</msg>
<status status="PASS" starttime="20240620 11:02:07.159" endtime="20240620 11:02:07.176" />
</kw>
<status status="PASS" starttime="20240620 11:02:07.159" endtime="20240620 11:02:07.181" />
</kw>
<status status="PASS" starttime="20240620 11:02:07.143" endtime="20240620 11:02:07.181" />
</iter>
<status status="PASS" starttime="20240620 11:02:07.097" endtime="20240620 11:02:07.191" />
</for>
<status status="PASS" starttime="20240620 11:02:07.097" endtime="20240620 11:02:07.191" />
</kw>
<kw name="Set Global Variable" library="BuiltIn">
<arg>${ENVIRONMENT}</arg>
<arg>${env}</arg>
<doc>Makes a variable available globally in all tests and suites.</doc>
<msg timestamp="20240620 11:02:07.191" level="INFO">${ENVIRONMENT} = mobile</msg>
<status status="PASS" starttime="20240620 11:02:07.191" endtime="20240620 11:02:07.191" />
</kw>
<kw name="Sleep" library="BuiltIn">
<arg>5</arg>
<doc>Pauses the test executed for the given time.</doc>
<msg timestamp="20240620 11:02:12.207" level="INFO">Slept 5 seconds</msg>
<status status="PASS" starttime="20240620 11:02:07.207" endtime="20240620 11:02:12.208" />
</kw>
<kw name="Fill the Date of Birth" library="common_ui">
<kw name="Run Keyword And Ignore Error" library="BuiltIn">
<arg>Additional Steps for Contact_Form</arg>
<doc>Runs the given keyword with the given arguments and ignores possible error.</doc>
<kw name="Additional Steps for Contact_Form" library="common_ui">
<kw name="Wait Until Element Is Visible" library="SeleniumLibrary">
<arg>${close_privacy}</arg>
<doc>Waits until the element ``locator`` is visible.</doc>
<msg timestamp="20240620 11:02:21.416" level="INFO" html="true">&lt;/td&gt;&lt;/tr&gt;&lt;tr&gt;&lt;td colspan="3"&gt;&lt;a href="selenium-screenshot-1.png"&gt;&lt;img src="selenium-screenshot-1.png" width="800px"&gt;&lt;/a&gt;</msg>
<msg timestamp="20240620 11:02:21.417" level="FAIL">Element 'xpath=//button[@aria-label='close modal']' not visible after 5 seconds.</msg>
<status status="FAIL" starttime="20240620 11:02:12.208" endtime="20240620 11:02:21.424" />
</kw>
<kw name="Click Element" library="SeleniumLibrary">
<arg>${close_privacy}</arg>
<doc>Click the element identified by ``locator``.</doc>
<status status="NOT RUN" starttime="20240620 11:02:21.430" endtime="20240620 11:02:21.432" />
</kw>
<kw name="Sleep" library="BuiltIn">
<arg>2</arg>
<doc>Pauses the test executed for the given time.</doc>
<status status="NOT RUN" starttime="20240620 11:02:21.434" endtime="20240620 11:02:21.434" />
</kw>
<status status="FAIL" starttime="20240620 11:02:12.208" endtime="20240620 11:02:21.434" />
</kw>
<status status="PASS" starttime="20240620 11:02:12.208" endtime="20240620 11:02:21.441" />
</kw>
<kw name="Input Text" library="SeleniumLibrary">
<arg>${days}</arg>
<arg>1</arg>
<doc>Types the given ``text`` into the text field identified by ``locator``.</doc>
<msg timestamp="20240620 11:02:21.444" level="INFO">Typing text '1' into text field 'xpath=//input[@id='ag-day']'.</msg>
<status status="PASS" starttime="20240620 11:02:21.444" endtime="20240620 11:02:21.845" />
</kw>
<kw name="Input Text" library="SeleniumLibrary">
<arg>${months}</arg>
<arg>1</arg>
<doc>Types the given ``text`` into the text field identified by ``locator``.</doc>
<msg timestamp="20240620 11:02:21.850" level="INFO">Typing text '1' into text field 'xpath=//input[@id='ag-month']'.</msg>
<status status="PASS" starttime="20240620 11:02:21.850" endtime="20240620 11:02:22.200" />
</kw>
<kw name="Input Text" library="SeleniumLibrary">
<arg>${years}</arg>
<arg>1999</arg>
<doc>Types the given ``text`` into the text field identified by ``locator``.</doc>
<msg timestamp="20240620 11:02:22.206" level="INFO">Typing text '1999' into text field 'xpath=//input[@id='ag-year']'.</msg>
<status status="PASS" starttime="20240620 11:02:22.203" endtime="20240620 11:02:22.504" />
</kw>
<kw name="Run Keyword And Ignore Error" library="BuiltIn">
<arg>Additional Steps for WC</arg>
<doc>Runs the given keyword with the given arguments and ignores possible error.</doc>
<kw name="Additional Steps for WC" library="common_ui">
<kw name="Select Checkbox" library="SeleniumLibrary">
<arg>${checkbox}</arg>
<doc>Selects the checkbox identified by ``locator``.</doc>
<msg timestamp="20240620 11:02:22.520" level="INFO">Selecting checkbox 'id:ag-remember'.</msg>
<msg timestamp="20240620 11:02:26.415" level="INFO" html="true">&lt;/td&gt;&lt;/tr&gt;&lt;tr&gt;&lt;td colspan="3"&gt;&lt;a href="selenium-screenshot-2.png"&gt;&lt;img src="selenium-screenshot-2.png" width="800px"&gt;&lt;/a&gt;</msg>
<msg timestamp="20240620 11:02:26.416" level="FAIL">Checkbox with locator 'id:ag-remember' not found.</msg>
<status status="FAIL" starttime="20240620 11:02:22.511" endtime="20240620 11:02:26.431" />
</kw>
<kw name="Checkbox Should Be Selected" library="SeleniumLibrary">
<arg>${checkbox}</arg>
<doc>Verifies checkbox ``locator`` is selected/checked.</doc>
<status status="NOT RUN" starttime="20240620 11:02:26.435" endtime="20240620 11:02:26.436" />
</kw>
<kw name="Get Text" library="SeleniumLibrary">
<var>${warning_message}</var>
<arg>${warning}</arg>
<doc>Returns the text value of the element identified by ``locator``.</doc>
<status status="NOT RUN" starttime="20240620 11:02:26.441" endtime="20240620 11:02:26.442" />
</kw>
<kw name="Log" library="BuiltIn">
<arg>${warning_message}</arg>
<doc>Logs the given message with the given level.</doc>
<status status="NOT RUN" starttime="20240620 11:02:26.445" endtime="20240620 11:02:26.448" />
</kw>
<kw name="Get Text" library="SeleniumLibrary">
<var>${consent}</var>
<arg>${consent_data}</arg>
<doc>Returns the text value of the element identified by ``locator``.</doc>
<status status="NOT RUN" starttime="20240620 11:02:26.450" endtime="20240620 11:02:26.450" />
</kw>
<kw name="Log" library="BuiltIn">
<arg>${consent}</arg>
<doc>Logs the given message with the given level.</doc>
<status status="NOT RUN" starttime="20240620 11:02:26.453" endtime="20240620 11:02:26.453" />
</kw>
<status status="FAIL" starttime="20240620 11:02:22.511" endtime="20240620 11:02:26.456" />
</kw>
<status status="PASS" starttime="20240620 11:02:22.511" endtime="20240620 11:02:26.460" />
</kw>
<kw name="Click Button" library="SeleniumLibrary">
<arg>${confirm-button}</arg>
<doc>Clicks the button identified by ``locator``.</doc>
<msg timestamp="20240620 11:02:26.465" level="INFO">Clicking button 'xpath=//input[@id='ag-confirm']'.</msg>
<status status="PASS" starttime="20240620 11:02:26.463" endtime="20240620 11:02:26.876" />
</kw>
<status status="PASS" starttime="20240620 11:02:12.208" endtime="20240620 11:02:26.881" />
</kw>
<status status="PASS" starttime="20240620 11:01:42.031" endtime="20240620 11:02:26.886" />
</kw>
<status status="PASS" starttime="20240620 11:01:42.027" endtime="20240620 11:02:26.886" />
</kw>
<test id="s1-s1-t1" name="Existance of Limonada flavors on mobile" line="22">
<kw name="Verify that the Page Should Contain Flavour in mobile" library="website_testing_steps">
<arg>${flavor}</arg>
<kw name="Click Element" library="SeleniumLibrary">
<arg>${managecookies}</arg>
<doc>Click the element identified by ``locator``.</doc>
<msg timestamp="20240620 11:02:26.900" level="INFO">Clicking element 'id:onetrust-pc-btn-handler'.</msg>
<status status="PASS" starttime="20240620 11:02:26.900" endtime="20240620 11:02:27.260" />
</kw>
<kw name="Wait Until Element Is Visible" library="SeleniumLibrary">
<arg>${managechoices}</arg>
<arg>${timeout}</arg>
<doc>Waits until the element ``locator`` is visible.</doc>
<status status="PASS" starttime="20240620 11:02:27.271" endtime="20240620 11:02:27.491" />
</kw>
<kw name="Click Element" library="SeleniumLibrary">
<arg>${managechoices}</arg>
<doc>Click the element identified by ``locator``.</doc>
<msg timestamp="20240620 11:02:27.501" level="INFO">Clicking element 'css:button.onetrust-close-btn-handler'.</msg>
<status status="PASS" starttime="20240620 11:02:27.499" endtime="20240620 11:02:27.872" />
</kw>
<kw name="Click Element" library="SeleniumLibrary">
<arg>${navbar}</arg>
<doc>Click the element identified by ``locator``.</doc>
<msg timestamp="20240620 11:02:27.880" level="INFO">Clicking element 'id:navbar-toggler'.</msg>
<status status="PASS" starttime="20240620 11:02:27.880" endtime="20240620 11:02:28.098" />
</kw>
<kw name="Wait Until Element Is Visible" library="SeleniumLibrary">
<arg>${flavor}</arg>
<arg>${timeout}</arg>
<doc>Waits until the element ``locator`` is visible.</doc>
<status status="PASS" starttime="20240620 11:02:28.102" endtime="20240620 11:02:29.343" />
</kw>
<kw name="Element Text Should Be" library="SeleniumLibrary">
<arg>${flavor}</arg>
<arg>FLAVORS</arg>
<doc>Verifies that element ``locator`` contains exact the text ``expected``.</doc>
<msg timestamp="20240620 11:02:29.354" level="INFO">Verifying element 'xpath=(//a[contains(@class,'')][normalize-space()='Flavors'])[1]' contains exact text 'FLAVORS'.</msg>
<status status="PASS" starttime="20240620 11:02:29.352" endtime="20240620 11:02:29.562" />
</kw>
<kw name="Element Text Should Be" library="SeleniumLibrary">
<arg>${Innovation}</arg>
<arg>INNOVATION</arg>
<doc>Verifies that element ``locator`` contains exact the text ``expected``.</doc>
<msg timestamp="20240620 11:02:29.564" level="INFO">Verifying element 'xpath=(//a[contains(@class,'')][normalize-space()='Innovation'])[1]' contains exact text 'INNOVATION'.</msg>
<status status="PASS" starttime="20240620 11:02:29.564" endtime="20240620 11:02:30.100" />
</kw>
<kw name="Element Text Should Be" library="SeleniumLibrary">
<arg>${Find}</arg>
<arg>FIND</arg>
<doc>Verifies that element ``locator`` contains exact the text ``expected``.</doc>
<msg timestamp="20240620 11:02:30.100" level="INFO">Verifying element 'xpath=//header[@role='banner']//a[normalize-space()='Find']' contains exact text 'FIND'.</msg>
<status status="PASS" starttime="20240620 11:02:30.100" endtime="20240620 11:02:30.404" />
</kw>
<kw name="Element Text Should Be" library="SeleniumLibrary">
<arg>${contact}</arg>
<arg>CONTACT</arg>
<doc>Verifies that element ``locator`` contains exact the text ``expected``.</doc>
<msg timestamp="20240620 11:02:30.411" level="INFO">Verifying element 'xpath=//header[@role='banner']//a[normalize-space()='Contact']' contains exact text 'CONTACT'.</msg>
<status status="PASS" starttime="20240620 11:02:30.411" endtime="20240620 11:02:30.747" />
</kw>
<kw name="Element Text Should Be" library="SeleniumLibrary">
<arg>${faq}</arg>
<arg>FAQ</arg>
<doc>Verifies that element ``locator`` contains exact the text ``expected``.</doc>
<msg timestamp="20240620 11:02:30.756" level="INFO">Verifying element 'xpath=//header[@role='banner']//a[normalize-space()='FAQ']' contains exact text 'FAQ'.</msg>
<status status="PASS" starttime="20240620 11:02:30.751" endtime="20240620 11:02:31.041" />
</kw>
<status status="PASS" starttime="20240620 11:02:26.892" endtime="20240620 11:02:31.044" />
</kw>
<kw name="Verify that the Page should contain Innovation" library="website_testing_steps">
<arg>${Innovation}</arg>
<kw name="Element Text Should Be" library="SeleniumLibrary">
<arg>${Innovation}</arg>
<arg>INNOVATION</arg>
<doc>Verifies that element ``locator`` contains exact the text ``expected``.</doc>
<msg timestamp="20240620 11:02:31.049" level="INFO">Verifying element 'xpath=(//a[contains(@class,'')][normalize-space()='Innovation'])[1]' contains exact text 'INNOVATION'.</msg>
<status status="PASS" starttime="20240620 11:02:31.047" endtime="20240620 11:02:31.221" />
</kw>
<status status="PASS" starttime="20240620 11:02:31.045" endtime="20240620 11:02:31.233" />
</kw>
<kw name="Verify that the Page should contains Find tab" library="website_testing_steps">
<arg>${Find}</arg>
<kw name="Element Text Should Be" library="SeleniumLibrary">
<arg>${Find}</arg>
<arg>FIND</arg>
<doc>Verifies that element ``locator`` contains exact the text ``expected``.</doc>
<msg timestamp="20240620 11:02:31.240" level="INFO">Verifying element 'xpath=//header[@role='banner']//a[normalize-space()='Find']' contains exact text 'FIND'.</msg>
<status status="PASS" starttime="20240620 11:02:31.233" endtime="20240620 11:02:31.439" />
</kw>
<status status="PASS" starttime="20240620 11:02:31.233" endtime="20240620 11:02:31.441" />
</kw>
<kw name="Verify that the Page should contains contact tab" library="website_testing_steps">
<arg>${contact}</arg>
<kw name="Element Text Should Be" library="SeleniumLibrary">
<arg>${contact}</arg>
<arg>CONTACT</arg>
<doc>Verifies that element ``locator`` contains exact the text ``expected``.</doc>
<msg timestamp="20240620 11:02:31.449" level="INFO">Verifying element 'xpath=//header[@role='banner']//a[normalize-space()='Contact']' contains exact text 'CONTACT'.</msg>
<status status="PASS" starttime="20240620 11:02:31.447" endtime="20240620 11:02:31.619" />
</kw>
<status status="PASS" starttime="20240620 11:02:31.443" endtime="20240620 11:02:31.623" />
</kw>
<kw name="Verify that the Page should contains FAQ tab" library="website_testing_steps">
<arg>${faq}</arg>
<kw name="Element Text Should Be" library="SeleniumLibrary">
<arg>${faq}</arg>
<arg>FAQ</arg>
<doc>Verifies that element ``locator`` contains exact the text ``expected``.</doc>
<msg timestamp="20240620 11:02:31.628" level="INFO">Verifying element 'xpath=//header[@role='banner']//a[normalize-space()='FAQ']' contains exact text 'FAQ'.</msg>
<status status="PASS" starttime="20240620 11:02:31.627" endtime="20240620 11:02:31.827" />
</kw>
<status status="PASS" starttime="20240620 11:02:31.625" endtime="20240620 11:02:31.831" />
</kw>
<kw name="Click on the Flavour tab and verify the product description" library="website_testing_steps">
<kw name="Click on the Flavour" library="website_testing_steps">
<arg>${flavor}</arg>
<kw name="Click Element" library="SeleniumLibrary">
<arg>${flavor}</arg>
<doc>Click the element identified by ``locator``.</doc>
<msg timestamp="20240620 11:02:31.837" level="INFO">Clicking element 'xpath=(//a[contains(@class,'')][normalize-space()='Flavors'])[1]'.</msg>
<status status="PASS" starttime="20240620 11:02:31.833" endtime="20240620 11:02:32.080" />
</kw>
<status status="PASS" starttime="20240620 11:02:31.833" endtime="20240620 11:02:32.086" />
</kw>
<kw name="Wait Until Element Is Visible" library="SeleniumLibrary">
<arg>${lemonade}</arg>
<doc>Waits until the element ``locator`` is visible.</doc>
<status status="PASS" starttime="20240620 11:02:32.090" endtime="20240620 11:02:34.249" />
</kw>
<kw name="Page Should Contain Image" library="SeleniumLibrary">
<arg>${item}</arg>
<doc>Verifies image identified by ``locator`` is found from current page.</doc>
<msg timestamp="20240620 11:02:34.475" level="INFO">Current page contains image 'xpath=(//img[contains(@src, 'harder-lemonade.png')])[1]'.</msg>
<status status="PASS" starttime="20240620 11:02:34.251" endtime="20240620 11:02:34.475" />
</kw>
<kw name="Click Image" library="SeleniumLibrary">
<arg>${item}</arg>
<doc>Clicks an image identified by ``locator``.</doc>
<msg timestamp="20240620 11:02:34.482" level="INFO">Clicking image 'xpath=(//img[contains(@src, 'harder-lemonade.png')])[1]'.</msg>
<status status="PASS" starttime="20240620 11:02:34.481" endtime="20240620 11:02:34.876" />
</kw>
<kw name="Wait Until Element Is Visible" library="SeleniumLibrary">
<arg>${lemoDescription}</arg>
<doc>Waits until the element ``locator`` is visible.</doc>
<status status="PASS" starttime="20240620 11:02:34.881" endtime="20240620 11:02:36.123" />
</kw>
<kw name="Verify the description data of the lemonade" library="website_testing_steps">
<kw name="Element Text Should Be" library="SeleniumLibrary">
<arg>${lemoDescription}</arg>
<arg>Lemonade with the volume turned up. Lemonade that hits harder.</arg>
<doc>Verifies that element ``locator`` contains exact the text ``expected``.</doc>
<msg timestamp="20240620 11:02:36.130" level="INFO">Verifying element 'css:div p.section-desc' contains exact text 'Lemonade with the volume turned up. Lemonade that hits harder.'.</msg>
<status status="PASS" starttime="20240620 11:02:36.127" endtime="20240620 11:02:36.338" />
</kw>
<status status="PASS" starttime="20240620 11:02:36.127" endtime="20240620 11:02:36.341" />
</kw>
<status status="PASS" starttime="20240620 11:02:31.831" endtime="20240620 11:02:36.346" />
</kw>
<kw name="Close Browser session after the end" library="common_ui" type="TEARDOWN">
<kw name="Close Browser" library="SeleniumLibrary">
<doc>Closes the current browser.</doc>
<status status="PASS" starttime="20240620 11:02:36.351" endtime="20240620 11:02:36.354" />
</kw>
<status status="PASS" starttime="20240620 11:02:36.348" endtime="20240620 11:02:36.355" />
</kw>
<tag>MOBILE</tag>
<tag>REGRESSION</tag>
<status status="PASS" starttime="20240620 11:02:26.890" endtime="20240620 11:02:36.359" />
</test>
<status status="PASS" starttime="20240620 11:01:41.782" endtime="20240620 11:02:38.079" />
</suite>
<status status="PASS" starttime="20240620 11:01:41.782" endtime="20240620 11:02:38.079" />
</suite><errors>
<msg timestamp="20240620 11:01:43.735" level="WARN">The chromedriver version (125.0.6422.76) detected in PATH at C:\Drivers\chromedriver.exe might not be compatible with the detected chrome version (126.0.6478.63); currently, chromedriver 126.0.6478.62 is recommended for chrome 126.*, so it is advised to delete the driver in PATH and retry</msg>
</errors>
</robot>